This file contains any messages produced by compilers while
running configure, to aid debugging if configure makes a mistake.

It was created by Tutorial Program configure 1.0, which was
generated by GNU Autoconf 2.70.  Invocation command line was

  $ ./configure

## --------- ##
## Platform. ##
## --------- ##

hostname = localhost
uname -m = aarch64
uname -r = 4.9.117
uname -s = Linux
uname -v = #6 SMP PREEMPT Mon Jan 6 15:34:47 CST 2020

/usr/bin/uname -p = unknown
/bin/uname -X     = unknown

/bin/arch              = unknown
/usr/bin/arch -k       = unknown
/usr/convex/getsysinfo = unknown
/usr/bin/hostinfo      = unknown
/bin/machine           = unknown
/usr/bin/oslevel       = unknown
/bin/universe          = unknown

PATH: /data/data/com.termux/files/usr/bin/


## ----------- ##
## Core tests. ##
## ----------- ##

configure:2091: looking for aux files: compile missing install-sh
configure:2104:  trying ./
configure:2133:   ./compile found
configure:2133:   ./missing found
configure:2115:   ./install-sh found
configure:2262: checking for a BSD-compatible install
configure:2335: result: /data/data/com.termux/files/usr/bin/install -c
configure:2346: checking whether build environment is sane
configure:2401: result: yes
configure:2560: checking for a race-free mkdir -p
configure:2604: result: /data/data/com.termux/files/usr/bin/mkdir -p
configure:2611: checking for gawk
configure:2632: found /data/data/com.termux/files/usr/bin/gawk
configure:2643: result: gawk
configure:2654: checking whether make sets $(MAKE)
configure:2677: result: yes
configure:2707: checking whether make supports nested variables
configure:2725: result: yes
configure:2909: checking for gcc
configure:2930: found /data/data/com.termux/files/usr/bin/gcc
configure:2941: result: gcc
configure:3294: checking for C compiler version
configure:3303: gcc --version >&5
clang version 11.0.0 (https://github.com/termux/termux-packages 39dec01e591687a324c84205de6c9713165c4802)
Target: aarch64-unknown-linux-android24
Thread model: posix
InstalledDir: /data/data/com.termux/files/usr/bin
configure:3314: $? = 0
configure:3303: gcc -v >&5
clang version 11.0.0 (https://github.com/termux/termux-packages 39dec01e591687a324c84205de6c9713165c4802)
Target: aarch64-unknown-linux-android24
Thread model: posix
InstalledDir: /data/data/com.termux/files/usr/bin
configure:3314: $? = 0
configure:3303: gcc -V >&5
clang-11: error: argument to '-V' is missing (expected 1 value)
clang-11: error: no input files
configure:3314: $? = 1
configure:3303: gcc -qversion >&5
clang-11: error: unknown argument '-qversion'; did you mean '--version'?
clang-11: error: no input files
configure:3314: $? = 1
configure:3303: gcc -version >&5
clang-11: error: unknown argument '-version'; did you mean '--version'?
clang-11: error: no input files
configure:3314: $? = 1
configure:3334: checking whether the C compiler works
configure:3356: gcc    conftest.c  >&5
configure:3360: $? = 0
configure:3410: result: yes
configure:3413: checking for C compiler default output file name
configure:3415: result: a.out
configure:3421: checking for suffix of executables
configure:3428: gcc -o conftest    conftest.c  >&5
configure:3432: $? = 0
configure:3455: result: 
configure:3477: checking whether we are cross compiling
configure:3485: gcc -o conftest    conftest.c  >&5
configure:3489: $? = 0
configure:3496: ./conftest
configure:3500: $? = 0
configure:3515: result: no
configure:3520: checking for suffix of object files
configure:3543: gcc -c   conftest.c >&5
configure:3547: $? = 0
configure:3569: result: o
configure:3573: checking whether the compiler supports GNU C
configure:3593: gcc -c   conftest.c >&5
configure:3593: $? = 0
configure:3603: result: yes
configure:3614: checking whether gcc accepts -g
configure:3635: gcc -c -g  conftest.c >&5
configure:3635: $? = 0
configure:3679: result: yes
configure:3696: checking for gcc option to enable C11 features
configure:3711: gcc  -c -g -O2  conftest.c >&5
configure:3711: $? = 0
configure:3726: result: none needed
configure:3855: checking whether gcc understands -c and -o together
configure:3878: gcc -c conftest.c -o conftest2.o
configure:3881: $? = 0
configure:3878: gcc -c conftest.c -o conftest2.o
configure:3881: $? = 0
configure:3893: result: yes
configure:3913: checking whether make supports the include directive
configure:3928: make -f confmf.GNU && cat confinc.out
this is the am__doit target
configure:3931: $? = 0
configure:3950: result: yes (GNU style)
configure:3976: checking dependency style of gcc
configure:4088: result: gcc3
configure:4250: checking that generated files are newer than configure
configure:4256: result: done
configure:4279: creating ./config.status

## ---------------------- ##
## Running config.status. ##
## ---------------------- ##

This file was extended by Tutorial Program config.status 1.0, which was
generated by GNU Autoconf 2.70.  Invocation command line was

  CONFIG_FILES    = 
  CONFIG_HEADERS  = 
  CONFIG_LINKS    = 
  CONFIG_COMMANDS = 
  $ ./config.status 

on localhost

config.status:766: creating Makefile
config.status:938: executing depfiles commands
config.status:1013: cd .       && sed -e '/# am--include-marker/d' Makefile         | make -f - am--depfiles
make: Nothing to be done for 'am--depfiles'.
config.status:1020: $? = 0

## ---------------- ##
## Cache variables. ##
## ---------------- ##

ac_cv_c_compiler_gnu='yes'
ac_cv_env_CC_set=''
ac_cv_env_CC_value=''
ac_cv_env_CFLAGS_set=''
ac_cv_env_CFLAGS_value=''
ac_cv_env_CPPFLAGS_set=''
ac_cv_env_CPPFLAGS_value=''
ac_cv_env_LDFLAGS_set=''
ac_cv_env_LDFLAGS_value=''
ac_cv_env_LIBS_set=''
ac_cv_env_LIBS_value=''
ac_cv_env_build_alias_set=''
ac_cv_env_build_alias_value=''
ac_cv_env_host_alias_set=''
ac_cv_env_host_alias_value=''
ac_cv_env_target_alias_set=''
ac_cv_env_target_alias_value=''
ac_cv_objext='o'
ac_cv_path_install='/data/data/com.termux/files/usr/bin/install -c'
ac_cv_path_mkdir='/data/data/com.termux/files/usr/bin/mkdir'
ac_cv_prog_AWK='gawk'
ac_cv_prog_ac_ct_CC='gcc'
ac_cv_prog_cc_c11=''
ac_cv_prog_cc_g='yes'
ac_cv_prog_cc_stdc=''
ac_cv_prog_make_make_set='yes'
am_cv_CC_dependencies_compiler_type='gcc3'
am_cv_make_support_nested_variables='yes'
am_cv_prog_cc_c_o='yes'

## ----------------- ##
## Output variables. ##
## ----------------- ##

ACLOCAL='${SHELL} '\''/data/data/com.termux/files/home/cprogs/main/src/missing'\'' aclocal-1.16'
AMDEPBACKSLASH='\'
AMDEP_FALSE='#'
AMDEP_TRUE=''
AMTAR='$${TAR-tar}'
AM_BACKSLASH='\'
AM_DEFAULT_V='$(AM_DEFAULT_VERBOSITY)'
AM_DEFAULT_VERBOSITY='1'
AM_V='$(V)'
AUTOCONF='${SHELL} '\''/data/data/com.termux/files/home/cprogs/main/src/missing'\'' autoconf'
AUTOHEADER='${SHELL} '\''/data/data/com.termux/files/home/cprogs/main/src/missing'\'' autoheader'
AUTOMAKE='${SHELL} '\''/data/data/com.termux/files/home/cprogs/main/src/missing'\'' automake-1.16'
AWK='gawk'
CC='gcc'
CCDEPMODE='depmode=gcc3'
CFLAGS='-g -O2'
CPPFLAGS=''
CYGPATH_W='echo'
DEFS='-DPACKAGE_NAME=\"Tutorial\ Program\" -DPACKAGE_TARNAME=\"tutorial-program\" -DPACKAGE_VERSION=\"1.0\" -DPACKAGE_STRING=\"Tutorial\ Program\ 1.0\" -DPACKAGE_BUGREPORT=\"\" -DPACKAGE_URL=\"\" -DPACKAGE=\"tutorial-program\" -DVERSION=\"1.0\"'
DEPDIR='.deps'
ECHO_C=''
ECHO_N='-n'
ECHO_T=''
EXEEXT=''
INSTALL_DATA='${INSTALL} -m 644'
INSTALL_PROGRAM='${INSTALL}'
INSTALL_SCRIPT='${INSTALL}'
INSTALL_STRIP_PROGRAM='$(install_sh) -c -s'
LDFLAGS=''
LIBOBJS=''
LIBS=''
LTLIBOBJS=''
MAKEINFO='${SHELL} '\''/data/data/com.termux/files/home/cprogs/main/src/missing'\'' makeinfo'
MKDIR_P='/data/data/com.termux/files/usr/bin/mkdir -p'
OBJEXT='o'
PACKAGE='tutorial-program'
PACKAGE_BUGREPORT=''
PACKAGE_NAME='Tutorial Program'
PACKAGE_STRING='Tutorial Program 1.0'
PACKAGE_TARNAME='tutorial-program'
PACKAGE_URL=''
PACKAGE_VERSION='1.0'
PATH_SEPARATOR=':'
SET_MAKE=''
SHELL='/data/data/com.termux/files/usr/bin/sh'
STRIP=''
VERSION='1.0'
ac_ct_CC='gcc'
am__EXEEXT_FALSE=''
am__EXEEXT_TRUE='#'
am__fastdepCC_FALSE='#'
am__fastdepCC_TRUE=''
am__include='include'
am__isrc=''
am__leading_dot='.'
am__nodep='_no'
am__quote=''
am__tar='$${TAR-tar} chof - "$$tardir"'
am__untar='$${TAR-tar} xf -'
bindir='${exec_prefix}/bin'
build_alias=''
datadir='${datarootdir}'
datarootdir='${prefix}/share'
docdir='${datarootdir}/doc/${PACKAGE_TARNAME}'
dvidir='${docdir}'
exec_prefix='${prefix}'
host_alias=''
htmldir='${docdir}'
includedir='${prefix}/include'
infodir='${datarootdir}/info'
install_sh='${SHELL} /data/data/com.termux/files/home/cprogs/main/src/install-sh'
libdir='${exec_prefix}/lib'
libexecdir='${exec_prefix}/libexec'
localedir='${datarootdir}/locale'
localstatedir='${prefix}/var'
mandir='${datarootdir}/man'
mkdir_p='$(MKDIR_P)'
oldincludedir='/usr/include'
pdfdir='${docdir}'
prefix='/usr/local'
program_transform_name='s,x,x,'
psdir='${docdir}'
runstatedir='${localstatedir}/run'
sbindir='${exec_prefix}/sbin'
sharedstatedir='${prefix}/com'
sysconfdir='${prefix}/etc'
target_alias=''

## ----------- ##
## confdefs.h. ##
## ----------- ##

/* confdefs.h */
#define PACKAGE_NAME "Tutorial Program"
#define PACKAGE_TARNAME "tutorial-program"
#define PACKAGE_VERSION "1.0"
#define PACKAGE_STRING "Tutorial Program 1.0"
#define PACKAGE_BUGREPORT ""
#define PACKAGE_URL ""
#define PACKAGE "tutorial-program"
#define VERSION "1.0"

configure: exit 0
